    OpenRGB v0.9+ (git1944)
    Commit: 9410d9c0666bf87c14fc430be64fdf20594a6f68 from 2026-05-09 00:21:40 -0500
    Launched: 20260511_205215
====================================================================================================

0     |Info:    [ProfileManager] Found file: dram off.orp attempting to validate header
0     |Info:    [ProfileManager] Valid v5 profile found for dram off
0     |Info:    [ProfileManager] Found file: off.orp attempting to validate header
0     |Info:    [ProfileManager] Valid v4 profile found for off
0     |Info:    [ProfileManager] Found file: pink.orp attempting to validate header
0     |Info:    [ProfileManager] Valid v5 profile found for pink
0     |Info:    [ProfileManager] Found file: rainbow.orp attempting to validate header
0     |Info:    [ProfileManager] Valid v5 profile found for rainbow
0     |Info:    [ProfileManager] Found file: white.orp attempting to validate header
0     |Info:    [ProfileManager] Valid v4 profile found for white
52    |Info:    [ResourceManager] Initializing HID interfaces: Success
52    |Info:    ------------------------------------------------------
52    |Info:    |               Start device detection               |
52    |Info:    ------------------------------------------------------
56    |Info:    ------------------------------------------------------
56    |Info:    |             Detecting I2C interfaces               |
56    |Info:    ------------------------------------------------------
56    |Info:    [ResourceManager] Registering I2C interface: AMDGPU DM i2c hw bus 1 (/dev/i2c-3) Device 1002:13C0 Subsystem: 1849:364E
56    |Info:    [ResourceManager] Registering I2C interface: SMBus PIIX4 adapter port 2 at 0b00 (/dev/i2c-10) Device 1022:790B Subsystem: 1849:790B
56    |Info:    [ResourceManager] Registering I2C interface: Synopsys DesignWare I2C adapter (/dev/i2c-1) Device 0000:0000 Subsystem: 0000:0000
56    |Info:    [i2c_smbus_linux] Failed to read i2c device PCI device ID
56    |Info:    [ResourceManager] Registering I2C interface: AMDGPU DM aux hw bus 3 (/dev/i2c-8) Device 0000:0000 Subsystem: 0000:0000
56    |Info:    [i2c_smbus_linux] Failed to read i2c device PCI device ID
56    |Info:    [ResourceManager] Registering I2C interface: AMDGPU DM aux hw bus 1 (/dev/i2c-6) Device 0000:0000 Subsystem: 0000:0000
56    |Info:    [ResourceManager] Registering I2C interface: AMDGPU DM i2c hw bus 2 (/dev/i2c-4) Device 1002:13C0 Subsystem: 1849:364E
56    |Info:    [ResourceManager] Registering I2C interface: SMBus PIIX4 adapter port 1 at 0b20 (/dev/i2c-11) Device 1022:790B Subsystem: 1849:790B
56    |Info:    [ResourceManager] Registering I2C interface: AMDGPU DM i2c hw bus 0 (/dev/i2c-2) Device 1002:13C0 Subsystem: 1849:364E
57    |Info:    [ResourceManager] Registering I2C interface: Synopsys DesignWare I2C adapter (/dev/i2c-0) Device 0000:0000 Subsystem: 0000:0000
57    |Info:    [ResourceManager] Registering I2C interface: SMBus PIIX4 adapter port 0 at 0b00 (/dev/i2c-9) Device 1022:790B Subsystem: 1849:790B
57    |Info:    [i2c_smbus_linux] Failed to read i2c device PCI device ID
57    |Info:    [ResourceManager] Registering I2C interface: AMDGPU DM aux hw bus 2 (/dev/i2c-7) Device 0000:0000 Subsystem: 0000:0000
57    |Info:    [ResourceManager] Registering I2C interface: AMDGPU DM i2c hw bus 3 (/dev/i2c-5) Device 1002:13C0 Subsystem: 1849:364E
57    |Info:    [ResourceManager] Registering I2C interface: MSFT8000:00 (/dev/i2c-MSFT8000:00) Device 0000:0000 Subsystem: 0000:0000
57    |Info:    ------------------------------------------------------
57    |Info:    |               Detecting I2C devices                |
57    |Info:    ------------------------------------------------------
355   |Info:    [ENE DRAM] Registering RGB controller
582   |Info:    [ENE DRAM] Registering RGB controller
1180  |Info:    ------------------------------------------------------
1180  |Info:    |            Detecting I2C DIMM modules              |
1180  |Info:    ------------------------------------------------------
2277  |Info:    [ResourceManager] Detected occupied slot 2, bus 9, type DDR5
3294  |Info:    [ResourceManager] Detected occupied slot 4, bus 9, type DDR5
3312  |Info:    ------------------------------------------------------
3312  |Info:    |               Detecting I2C PCI devices            |
3312  |Info:    ------------------------------------------------------
3313  |Info:    ------------------------------------------------------
3313  |Info:    |               Detecting HID devices                |
3313  |Info:    ------------------------------------------------------
3338  |Info:    [ASRock B650M PG Riptide] Registering RGB controller
3338  |Info:    ------------------------------------------------------
3338  |Info:    |            Detecting libusb HID devices            |
3338  |Info:    ------------------------------------------------------
3364  |Info:    ------------------------------------------------------
3364  |Info:    |              Detecting other devices               |
3364  |Info:    ------------------------------------------------------
3371  |Info:    [ResourceManager] Calling Post-detection callbacks
3371  |Info:    ------------------------------------------------------
3371  |Info:    |                Detection completed                 |
3371  |Info:    ------------------------------------------------------
3371  |Dialog:  <h2>Some internal devices may not be detected:</h2><p>One or more I2C or SMBus interfaces failed to initialize.</p><p><b>RGB DRAM modules, some motherboards' onboard RGB lighting, and RGB Graphics Cards, will not be available in OpenRGB</b> without I2C or SMBus.</p><h4>How to fix this:</h4><p>On Linux, this is usually because the i2c-dev module is not loaded.</p><p>You must load the i2c-dev module along with the correct i2c driver for your motherboard. This is usually i2c-piix4 for AMD systems and i2c-i801 for Intel systems.</p><p>See <a href='https://help.openrgb.org/'>help.openrgb.org</a> for additional troubleshooting steps if you keep seeing this message.<br></p><h3>If you are not using internal RGB on a desktop this message is not important to you.</h3>
5046  |Info:    [ProfileManager] Profile loading: Succeeded for ENE DRAM @ I2C: SMBus PIIX4 adapter port 0 at 0b00 (/dev/i2c-9), address 0x71
5046  |Info:    [ProfileManager] Profile loading: Succeeded for ENE DRAM @ I2C: SMBus PIIX4 adapter port 0 at 0b00 (/dev/i2c-9), address 0x73
5046  |Info:    [ProfileManager] Profile loading: Succeeded for ASRock B650M PG Riptide @ HID: /dev/hidraw2
7332  |Info:    [ProfileManager] Profile loading: Succeeded for ENE DRAM @ I2C: SMBus PIIX4 adapter port 0 at 0b00 (/dev/i2c-9), address 0x71
7332  |Info:    [ProfileManager] Profile loading: Succeeded for ENE DRAM @ I2C: SMBus PIIX4 adapter port 0 at 0b00 (/dev/i2c-9), address 0x73
7332  |Info:    [ProfileManager] Profile loading: Succeeded for ASRock B650M PG Riptide @ HID: /dev/hidraw2
